Using pre-set license

 COMMAND LINE ARGUMENTS:
/Applications/Visual Studio Code/2020.3.1f1/Unity.app/Contents/MacOS/Unity
-adb2
-batchMode
-noUpm
-name
AssetImportWorker2
-projectPath
/Users/revekkakalli/Desktop/FPS-Game/FPS-Game
-logFile
Logs/AssetImportWorker2.log
-srvPort
58721
Successfully changed project path to: /Users/revekkakalli/Desktop/FPS-Game/FPS-Game
/Users/revekkakalli/Desktop/FPS-Game/FPS-Game
Using Asset Import Pipeline V2.
Refreshing native plugins compatible for Editor in 43.63 ms, found 1 plugins.
Preloading 0 native plugins for Editor in 0.00 ms.
Initialize engine version: 2020.3.1f1 (77a89f25062f)
[Subsystems] Discovering subsystems at path /Applications/Visual Studio Code/2020.3.1f1/Unity.app/Contents/Resources/UnitySubsystems
[Subsystems] Discovering subsystems at path /Users/revekkakalli/Desktop/FPS-Game/FPS-Game/Assets
GfxDevice: creating device client; threaded=0
2021-04-16 01:27:15.196 Unity[22921:12905265] Color LCD preferred device: Intel(R) Iris(TM) Plus Graphics (low power)
2021-04-16 01:27:15.196 Unity[22921:12905265] Metal devices available: 1
2021-04-16 01:27:15.196 Unity[22921:12905265] 0: Intel(R) Iris(TM) Plus Graphics (low power)
2021-04-16 01:27:15.196 Unity[22921:12905265] Using device Intel(R) Iris(TM) Plus Graphics (low power)
Initializing Metal device caps: Intel(R) Iris(TM) Plus Graphics
Shader 'WFX/Transparent Specular': fallback shader 'Particles/Alpha Blended' not found
Shader 'WFX/Transparent Diffuse': fallback shader 'Particles/Alpha Blended' not found
Initialize mono
Mono path[0] = '/Applications/Visual Studio Code/2020.3.1f1/Unity.app/Contents/Managed'
Mono path[1] = '/Applications/Visual Studio Code/2020.3.1f1/Unity.app/Contents/MonoBleedingEdge/lib/mono/unityjit'
Mono config path = '/Applications/Visual Studio Code/2020.3.1f1/Unity.app/Contents/MonoBleedingEdge/etc'
Using monoOptions --debugger-agent=transport=dt_socket,embedding=1,server=y,suspend=n,address=127.0.0.1:56921
Begin MonoManager ReloadAssembly
Registering precompiled unity dll's ...
Register platform support module: /Applications/Visual Studio Code/2020.3.1f1/Unity.app/Contents/PlaybackEngines/MacStandaloneSupport/UnityEditor.OSXStandalone.Extensions.dll
Registered in 0.000627 seconds.
Native extension for OSXStandalone target not found
Refreshing native plugins compatible for Editor in 41.00 ms, found 1 plugins.
Preloading 0 native plugins for Editor in 0.00 ms.
Invoked RoslynAnalysisRunner static constructor.
RoslynAnalysisRunner will not be running.
RoslynAnalysisRunner has terminated.
Mono: successfully reloaded assembly
- Completed reload, in  4.421 seconds
Platform modules already initialized, skipping
Registering precompiled user dll's ...
Registered in 0.000557 seconds.
Begin MonoManager ReloadAssembly
Native extension for OSXStandalone target not found
Refreshing native plugins compatible for Editor in 0.34 ms, found 1 plugins.
Preloading 0 native plugins for Editor in 0.00 ms.
Invoked RoslynAnalysisRunner static constructor.
RoslynAnalysisRunner will not be running.
RoslynAnalysisRunner has terminated.
Mono: successfully reloaded assembly
- Completed reload, in  1.004 seconds
Platform modules already initialized, skipping
========================================================================
Worker process is ready to serve import requests
Shader 'WFX/Transparent Diffuse': fallback shader 'Particles/Alpha Blended' not found
Shader 'WFX/Transparent Specular': fallback shader 'Particles/Alpha Blended' not found
Launching external process: /Applications/Visual Studio Code/2020.3.1f1/Unity.app/Contents/Tools/UnityShaderCompiler
Launched and connected shader compiler UnityShaderCompiler after 0.03 seconds
Refreshing native plugins compatible for Editor in 0.34 ms, found 1 plugins.
Preloading 0 native plugins for Editor in 0.00 ms.
Unloading 1287 Unused Serialized files (Serialized files now loaded: 0)
System memory in use before: 218.5 MB.
System memory in use after: 218.1 MB.

Unloading 11 unused Assets to reduce memory usage. Loaded Objects now: 1761.
Total: 2.582998 ms (FindLiveObjects: 0.205794 ms CreateObjectMapping: 0.062996 ms MarkObjects: 1.798956 ms  DeleteObjects: 0.513479 ms)

========================================================================
Received Import Request.
  path: Assets/Prefabs/EnemyPrefab.prefab
  artifactKey: Guid(b96baf134ebd742de86d332b2bc6d568) Importer(815301076,1909f56bfc062723c751e8b465ee728b)
Start importing Assets/Prefabs/EnemyPrefab.prefab using Guid(b96baf134ebd742de86d332b2bc6d568) Importer(815301076,1909f56bfc062723c751e8b465ee728b)  -> (artifact id: '22dd918bb1ab8889014b7dd164482b97') in 1.843097 seconds
  Import took 1.846455 seconds .

========================================================================
Received Prepare
Registering precompiled user dll's ...
Registered in 0.000667 seconds.
Begin MonoManager ReloadAssembly
Native extension for OSXStandalone target not found
Refreshing native plugins compatible for Editor in 0.33 ms, found 1 plugins.
Preloading 0 native plugins for Editor in 0.00 ms.
Invoked RoslynAnalysisRunner static constructor.
RoslynAnalysisRunner will not be running.
RoslynAnalysisRunner has terminated.
Mono: successfully reloaded assembly
- Completed reload, in  0.908 seconds
Platform modules already initialized, skipping
Shader 'WFX/Transparent Diffuse': fallback shader 'Particles/Alpha Blended' not found
Shader 'WFX/Transparent Specular': fallback shader 'Particles/Alpha Blended' not found
Refreshing native plugins compatible for Editor in 0.35 ms, found 1 plugins.
Preloading 0 native plugins for Editor in 0.00 ms.
Unloading 1251 Unused Serialized files (Serialized files now loaded: 0)
System memory in use before: 238.3 MB.
System memory in use after: 238.0 MB.

Unloading 6 unused Assets to reduce memory usage. Loaded Objects now: 1772.
Total: 2.100152 ms (FindLiveObjects: 0.135960 ms CreateObjectMapping: 0.033469 ms MarkObjects: 1.418680 ms  DeleteObjects: 0.510444 ms)

========================================================================
Received Prepare
Registering precompiled user dll's ...
Registered in 0.000511 seconds.
Begin MonoManager ReloadAssembly
Native extension for OSXStandalone target not found
Refreshing native plugins compatible for Editor in 0.33 ms, found 1 plugins.
Preloading 0 native plugins for Editor in 0.00 ms.
Invoked RoslynAnalysisRunner static constructor.
RoslynAnalysisRunner will not be running.
RoslynAnalysisRunner has terminated.
Mono: successfully reloaded assembly
- Completed reload, in  0.885 seconds
Platform modules already initialized, skipping
Shader 'WFX/Transparent Diffuse': fallback shader 'Particles/Alpha Blended' not found
Shader 'WFX/Transparent Specular': fallback shader 'Particles/Alpha Blended' not found
Refreshing native plugins compatible for Editor in 0.34 ms, found 1 plugins.
Preloading 0 native plugins for Editor in 0.00 ms.
Unloading 1251 Unused Serialized files (Serialized files now loaded: 0)
System memory in use before: 238.7 MB.
System memory in use after: 238.3 MB.

Unloading 6 unused Assets to reduce memory usage. Loaded Objects now: 1775.
Total: 1.987684 ms (FindLiveObjects: 0.183297 ms CreateObjectMapping: 0.045504 ms MarkObjects: 1.301122 ms  DeleteObjects: 0.454935 ms)

========================================================================
Received Prepare
Registering precompiled user dll's ...
Registered in 0.000559 seconds.
Begin MonoManager ReloadAssembly
Native extension for OSXStandalone target not found
Refreshing native plugins compatible for Editor in 0.49 ms, found 1 plugins.
Preloading 0 native plugins for Editor in 0.00 ms.
Invoked RoslynAnalysisRunner static constructor.
RoslynAnalysisRunner will not be running.
RoslynAnalysisRunner has terminated.
Mono: successfully reloaded assembly
- Completed reload, in  0.892 seconds
Platform modules already initialized, skipping
Shader 'WFX/Transparent Diffuse': fallback shader 'Particles/Alpha Blended' not found
Shader 'WFX/Transparent Specular': fallback shader 'Particles/Alpha Blended' not found
Refreshing native plugins compatible for Editor in 0.33 ms, found 1 plugins.
Preloading 0 native plugins for Editor in 0.00 ms.
Unloading 1251 Unused Serialized files (Serialized files now loaded: 0)
System memory in use before: 239.1 MB.
System memory in use after: 238.7 MB.

Unloading 6 unused Assets to reduce memory usage. Loaded Objects now: 1778.
Total: 1.802698 ms (FindLiveObjects: 0.200533 ms CreateObjectMapping: 0.038146 ms MarkObjects: 1.088623 ms  DeleteObjects: 0.474286 ms)

========================================================================
Received Prepare
Registering precompiled user dll's ...
Registered in 0.000545 seconds.
Begin MonoManager ReloadAssembly
Native extension for OSXStandalone target not found
Refreshing native plugins compatible for Editor in 0.33 ms, found 1 plugins.
Preloading 0 native plugins for Editor in 0.00 ms.
Invoked RoslynAnalysisRunner static constructor.
RoslynAnalysisRunner will not be running.
RoslynAnalysisRunner has terminated.
Mono: successfully reloaded assembly
- Completed reload, in  0.877 seconds
Platform modules already initialized, skipping
Shader 'WFX/Transparent Diffuse': fallback shader 'Particles/Alpha Blended' not found
Shader 'WFX/Transparent Specular': fallback shader 'Particles/Alpha Blended' not found
Refreshing native plugins compatible for Editor in 0.36 ms, found 1 plugins.
Preloading 0 native plugins for Editor in 0.00 ms.
Unloading 1251 Unused Serialized files (Serialized files now loaded: 0)
System memory in use before: 239.4 MB.
System memory in use after: 239.0 MB.

Unloading 6 unused Assets to reduce memory usage. Loaded Objects now: 1781.
Total: 2.040788 ms (FindLiveObjects: 0.138490 ms CreateObjectMapping: 0.036247 ms MarkObjects: 1.218701 ms  DeleteObjects: 0.645963 ms)

========================================================================
Received Prepare
Registering precompiled user dll's ...
Registered in 0.000545 seconds.
Begin MonoManager ReloadAssembly
Native extension for OSXStandalone target not found
Refreshing native plugins compatible for Editor in 0.38 ms, found 1 plugins.
Preloading 0 native plugins for Editor in 0.00 ms.
Invoked RoslynAnalysisRunner static constructor.
RoslynAnalysisRunner will not be running.
RoslynAnalysisRunner has terminated.
Mono: successfully reloaded assembly
- Completed reload, in  1.056 seconds
Platform modules already initialized, skipping
Shader 'WFX/Transparent Diffuse': fallback shader 'Particles/Alpha Blended' not found
Shader 'WFX/Transparent Specular': fallback shader 'Particles/Alpha Blended' not found
Refreshing native plugins compatible for Editor in 0.43 ms, found 1 plugins.
Preloading 0 native plugins for Editor in 0.00 ms.
Unloading 1251 Unused Serialized files (Serialized files now loaded: 0)
System memory in use before: 239.8 MB.
System memory in use after: 239.4 MB.

Unloading 6 unused Assets to reduce memory usage. Loaded Objects now: 1784.
Total: 2.421444 ms (FindLiveObjects: 0.254839 ms CreateObjectMapping: 0.035282 ms MarkObjects: 1.556736 ms  DeleteObjects: 0.572917 ms)

========================================================================
Received Import Request.
  Time since last request: 439.641804 seconds.
  path: Assets/Animations/EnemyAnimation/FinalController.controller
  artifactKey: Guid(cda005111b39e4821a9ee4f65db3035a) Importer(815301076,1909f56bfc062723c751e8b465ee728b)
Start importing Assets/Animations/EnemyAnimation/FinalController.controller using Guid(cda005111b39e4821a9ee4f65db3035a) Importer(815301076,1909f56bfc062723c751e8b465ee728b)  -> (artifact id: 'a65ec4f4759c4cae0cb1f12f98335502') in 0.457154 seconds
  Import took 0.460806 seconds .

========================================================================
Received Prepare
Registering precompiled user dll's ...
Registered in 0.000523 seconds.
Begin MonoManager ReloadAssembly
Native extension for OSXStandalone target not found
Refreshing native plugins compatible for Editor in 0.34 ms, found 1 plugins.
Preloading 0 native plugins for Editor in 0.00 ms.
Invoked RoslynAnalysisRunner static constructor.
RoslynAnalysisRunner will not be running.
RoslynAnalysisRunner has terminated.
Mono: successfully reloaded assembly
- Completed reload, in  0.952 seconds
Platform modules already initialized, skipping
Shader 'WFX/Transparent Diffuse': fallback shader 'Particles/Alpha Blended' not found
Shader 'WFX/Transparent Specular': fallback shader 'Particles/Alpha Blended' not found
Refreshing native plugins compatible for Editor in 0.35 ms, found 1 plugins.
Preloading 0 native plugins for Editor in 0.00 ms.
Unloading 1251 Unused Serialized files (Serialized files now loaded: 0)
System memory in use before: 244.3 MB.
System memory in use after: 243.9 MB.

Unloading 6 unused Assets to reduce memory usage. Loaded Objects now: 1787.
Total: 2.173900 ms (FindLiveObjects: 0.191971 ms CreateObjectMapping: 0.039248 ms MarkObjects: 1.429770 ms  DeleteObjects: 0.511105 ms)

========================================================================
Received Import Request.
  Time since last request: 74.743654 seconds.
  path: Assets/Prefabs/EnemyPrefab.prefab
  artifactKey: Guid(b96baf134ebd742de86d332b2bc6d568) Importer(815301076,1909f56bfc062723c751e8b465ee728b)
Start importing Assets/Prefabs/EnemyPrefab.prefab using Guid(b96baf134ebd742de86d332b2bc6d568) Importer(815301076,1909f56bfc062723c751e8b465ee728b)  -> (artifact id: '6a8a46d79e697174d58cda7aa6445bcf') in 0.130789 seconds
  Import took 0.134343 seconds .

