Using pre-set license
Built from '2020.3/release' branch; Version is '2020.3.1f1 (77a89f25062f) revision 7841951'; Using compiler version '192528614'; Build Type 'Release'
OS: 'Windows 10 Home; OS build 19042.867; Version 2009; 64bit' Language: 'en' Physical Memory: 15741 MB
BatchMode: 1, IsHumanControllingUs: 0, StartBugReporterOnCrash: 0, Is64bit: 1, IsPro: 0

 COMMAND LINE ARGUMENTS:
C:\Program Files\Unity\Hub\Editor\2020.3.1f1\Editor\Unity.exe
-adb2
-batchMode
-noUpm
-name
AssetImportWorker0
-projectPath
C:/Users/k_pap/Desktop/Masters/EPL653/Unity Kyriacos/FPS-Game/FPS-Game
-logFile
Logs/AssetImportWorker0.log
-srvPort
50819
Successfully changed project path to: C:/Users/k_pap/Desktop/Masters/EPL653/Unity Kyriacos/FPS-Game/FPS-Game
C:/Users/k_pap/Desktop/Masters/EPL653/Unity Kyriacos/FPS-Game/FPS-Game
Using Asset Import Pipeline V2.
Refreshing native plugins compatible for Editor in 34.53 ms, found 0 plugins.
Preloading 0 native plugins for Editor in 0.00 ms.
Initialize engine version: 2020.3.1f1 (77a89f25062f)
[Subsystems] Discovering subsystems at path C:/Program Files/Unity/Hub/Editor/2020.3.1f1/Editor/Data/Resources/UnitySubsystems
[Subsystems] Discovering subsystems at path C:/Users/k_pap/Desktop/Masters/EPL653/Unity Kyriacos/FPS-Game/FPS-Game/Assets
GfxDevice: creating device client; threaded=0
Direct3D:
    Version:  Direct3D 11.0 [level 11.1]
    Renderer: NVIDIA GeForce GTX 1650 Ti (ID=0x1f95)
    Vendor:   
    VRAM:     3962 MB
    Driver:   27.21.14.6172
Shader 'WFX/Transparent Specular': fallback shader 'Particles/Alpha Blended' not found
Shader 'WFX/Transparent Diffuse': fallback shader 'Particles/Alpha Blended' not found
Initialize mono
Mono path[0] = 'C:/Program Files/Unity/Hub/Editor/2020.3.1f1/Editor/Data/Managed'
Mono path[1] = 'C:/Program Files/Unity/Hub/Editor/2020.3.1f1/Editor/Data/MonoBleedingEdge/lib/mono/unityjit'
Mono config path = 'C:/Program Files/Unity/Hub/Editor/2020.3.1f1/Editor/Data/MonoBleedingEdge/etc'
Using monoOptions --debugger-agent=transport=dt_socket,embedding=1,server=y,suspend=n,address=127.0.0.1:56360
Begin MonoManager ReloadAssembly
Registering precompiled unity dll's ...
Register platform support module: C:/Program Files/Unity/Hub/Editor/2020.3.1f1/Editor/Data/PlaybackEngines/WindowsStandaloneSupport/UnityEditor.WindowsStandalone.Extensions.dll
Registered in 0.001655 seconds.
Native extension for WindowsStandalone target not found
Refreshing native plugins compatible for Editor in 35.55 ms, found 0 plugins.
Preloading 0 native plugins for Editor in 0.00 ms.
Invoked RoslynAnalysisRunner static constructor.
RoslynAnalysisRunner will not be running.
RoslynAnalysisRunner has terminated.
Mono: successfully reloaded assembly
- Completed reload, in  0.816 seconds
Platform modules already initialized, skipping
Registering precompiled user dll's ...
Registered in 0.000791 seconds.
Begin MonoManager ReloadAssembly
Native extension for WindowsStandalone target not found
Refreshing native plugins compatible for Editor in 0.38 ms, found 0 plugins.
Preloading 0 native plugins for Editor in 0.00 ms.
Invoked RoslynAnalysisRunner static constructor.
RoslynAnalysisRunner will not be running.
RoslynAnalysisRunner has terminated.
Mono: successfully reloaded assembly
- Completed reload, in  0.692 seconds
Platform modules already initialized, skipping
========================================================================
Worker process is ready to serve import requests
Shader 'WFX/Transparent Specular': fallback shader 'Particles/Alpha Blended' not found
Shader 'WFX/Transparent Diffuse': fallback shader 'Particles/Alpha Blended' not found
Launched and connected shader compiler UnityShaderCompiler.exe after 0.04 seconds
Refreshing native plugins compatible for Editor in 0.36 ms, found 0 plugins.
Preloading 0 native plugins for Editor in 0.00 ms.
Unloading 1287 Unused Serialized files (Serialized files now loaded: 0)
System memory in use before: 155.8 MB.
System memory in use after: 155.5 MB.

Unloading 11 unused Assets to reduce memory usage. Loaded Objects now: 1762.
Total: 2.445100 ms (FindLiveObjects: 0.200300 ms CreateObjectMapping: 0.056400 ms MarkObjects: 1.857000 ms  DeleteObjects: 0.329600 ms)

========================================================================
Received Import Request.
  path: Assets/AssetStore
  artifactKey: Guid(21b0301377f7946eb8cd205c2bd2c276) Importer(815301076,1909f56bfc062723c751e8b465ee728b)
Start importing Assets/AssetStore using Guid(21b0301377f7946eb8cd205c2bd2c276) Importer(815301076,1909f56bfc062723c751e8b465ee728b)  -> (artifact id: '16d3aadb8944bee88abcf553cb248762') in 0.009064 seconds
  Import took 0.011375 seconds .

========================================================================
Received Import Request.
  Time since last request: 1.691389 seconds.
  path: Assets/UI/Bar.png
  artifactKey: Guid(c9d4cc0a4d9e545ab8a960c166353ddc) Importer(815301076,1909f56bfc062723c751e8b465ee728b)
Start importing Assets/UI/Bar.png using Guid(c9d4cc0a4d9e545ab8a960c166353ddc) Importer(815301076,1909f56bfc062723c751e8b465ee728b)  -> (artifact id: 'b10d992addae771d260e88a24cfac50f') in 0.099829 seconds
  Import took 0.101922 seconds .

========================================================================
Received Import Request.
  Time since last request: 0.000199 seconds.
  path: Assets/UI/Heart.png
  artifactKey: Guid(e47b5e4e53251485fa9b25bc173c507d) Importer(815301076,1909f56bfc062723c751e8b465ee728b)
Start importing Assets/UI/Heart.png using Guid(e47b5e4e53251485fa9b25bc173c507d) Importer(815301076,1909f56bfc062723c751e8b465ee728b)  -> (artifact id: '0a049c4fd566c65c8040692e71c666c1') in 0.011249 seconds
  Import took 0.013177 seconds .

========================================================================
Received Import Request.
  Time since last request: 6.501840 seconds.
  path: Assets/Materials/black.mat
  artifactKey: Guid(fbd60151977a64fc497e1eaf97d7a4d8) Importer(815301076,1909f56bfc062723c751e8b465ee728b)
Start importing Assets/Materials/black.mat using Guid(fbd60151977a64fc497e1eaf97d7a4d8) Importer(815301076,1909f56bfc062723c751e8b465ee728b)  -> (artifact id: 'f1073d39c7a50da1a097b71cddc8d6fd') in 0.082084 seconds
  Import took 0.084316 seconds .

========================================================================
Received Import Request.
  Time since last request: 0.000404 seconds.
  path: Assets/Materials/Wood 1.mat
  artifactKey: Guid(61f0e4109545343c1b6aa327a470709a) Importer(815301076,1909f56bfc062723c751e8b465ee728b)
Start importing Assets/Materials/Wood 1.mat using Guid(61f0e4109545343c1b6aa327a470709a) Importer(815301076,1909f56bfc062723c751e8b465ee728b)  -> (artifact id: '4cae9e4d803d44171d9213a688218442') in 0.013293 seconds
  Import took 0.015547 seconds .

========================================================================
Received Import Request.
  Time since last request: 0.000213 seconds.
  path: Assets/Materials/Wood.mat
  artifactKey: Guid(77e46a7a671344049a2bb7e396c2498f) Importer(815301076,1909f56bfc062723c751e8b465ee728b)
Start importing Assets/Materials/Wood.mat using Guid(77e46a7a671344049a2bb7e396c2498f) Importer(815301076,1909f56bfc062723c751e8b465ee728b)  -> (artifact id: '25331a944a43a0de018e2bfac0437508') in 0.011796 seconds
  Import took 0.013895 seconds .

========================================================================
Received Import Request.
  Time since last request: 0.000231 seconds.
  path: Assets/Materials/Health.mat
  artifactKey: Guid(262397b188a8a4c5ca61917a78579f77) Importer(815301076,1909f56bfc062723c751e8b465ee728b)
Start importing Assets/Materials/Health.mat using Guid(262397b188a8a4c5ca61917a78579f77) Importer(815301076,1909f56bfc062723c751e8b465ee728b)  -> (artifact id: '0fea8261659a1f7e1eae74c3b36dcbf7') in 0.011635 seconds
  Import took 0.013779 seconds .

========================================================================
Received Import Request.
  Time since last request: 0.000217 seconds.
  path: Assets/Materials/Night.mat
  artifactKey: Guid(fe4eb34c85a7b490ebe6387f7fe9dcdf) Importer(815301076,1909f56bfc062723c751e8b465ee728b)
Start importing Assets/Materials/Night.mat using Guid(fe4eb34c85a7b490ebe6387f7fe9dcdf) Importer(815301076,1909f56bfc062723c751e8b465ee728b)  -> (artifact id: '27a252c85cb3ee0337d303b900c26432') in 0.046074 seconds
  Import took 0.048160 seconds .

========================================================================
Received Import Request.
  Time since last request: 0.000235 seconds.
  path: Assets/Materials/Day.mat
  artifactKey: Guid(82d6ab7d730304d30822ec181aed6866) Importer(815301076,1909f56bfc062723c751e8b465ee728b)
Start importing Assets/Materials/Day.mat using Guid(82d6ab7d730304d30822ec181aed6866) Importer(815301076,1909f56bfc062723c751e8b465ee728b)  -> (artifact id: 'bcfe2c557c8775e7ed7df52c59edf9d7') in 0.010632 seconds
  Import took 0.012670 seconds .

========================================================================
Received Import Request.
  Time since last request: 0.000218 seconds.
  path: Assets/Materials/Shelter.mat
  artifactKey: Guid(12d6738cec1af43bb821c0bc440b0ce4) Importer(815301076,1909f56bfc062723c751e8b465ee728b)
Start importing Assets/Materials/Shelter.mat using Guid(12d6738cec1af43bb821c0bc440b0ce4) Importer(815301076,1909f56bfc062723c751e8b465ee728b)  -> (artifact id: '50a6c919bd43bfe363e548ea93dbd00c') in 0.109477 seconds
  Import took 0.112018 seconds .

========================================================================
Received Import Request.
  Time since last request: 2.039659 seconds.
  path: Assets/Prefabs/EnemyPrefab.prefab
  artifactKey: Guid(b96baf134ebd742de86d332b2bc6d568) Importer(815301076,1909f56bfc062723c751e8b465ee728b)
Start importing Assets/Prefabs/EnemyPrefab.prefab using Guid(b96baf134ebd742de86d332b2bc6d568) Importer(815301076,1909f56bfc062723c751e8b465ee728b)  -> (artifact id: '3577c7aebbf40d456fc5b7a277fd0526') in 0.082428 seconds
  Import took 0.085582 seconds .

========================================================================
Received Import Request.
  Time since last request: 0.000176 seconds.
  path: Assets/Prefabs/ShelterPrefab.prefab
  artifactKey: Guid(d76187ec985aa4441a093490ead4dd39) Importer(815301076,1909f56bfc062723c751e8b465ee728b)
Start importing Assets/Prefabs/ShelterPrefab.prefab using Guid(d76187ec985aa4441a093490ead4dd39) Importer(815301076,1909f56bfc062723c751e8b465ee728b)  -> (artifact id: 'b5e303927e712f484980c99cb33e3a6a') in 0.011546 seconds
  Import took 0.014576 seconds .

========================================================================
Received Import Request.
  Time since last request: 0.001418 seconds.
  path: Assets/Prefabs/Pistol_01.prefab
  artifactKey: Guid(5e2e7f08f63e9004fabca7919adc754a) Importer(815301076,1909f56bfc062723c751e8b465ee728b)
Start importing Assets/Prefabs/Pistol_01.prefab using Guid(5e2e7f08f63e9004fabca7919adc754a) Importer(815301076,1909f56bfc062723c751e8b465ee728b)  -> (artifact id: '35458054e86795ba453755a340141a1f') in 0.038907 seconds
  Import took 0.041912 seconds .

========================================================================
Received Import Request.
  Time since last request: 0.000168 seconds.
  path: Assets/Prefabs/Rifle_06.prefab
  artifactKey: Guid(4820bdea7dc14bb4e80002a5ddd01f76) Importer(815301076,1909f56bfc062723c751e8b465ee728b)
Start importing Assets/Prefabs/Rifle_06.prefab using Guid(4820bdea7dc14bb4e80002a5ddd01f76) Importer(815301076,1909f56bfc062723c751e8b465ee728b)  -> (artifact id: '6ee837f350c7a9e94dcc1b0ff2d497b6') in 0.040487 seconds
  Import took 0.044281 seconds .

========================================================================
Received Import Request.
  Time since last request: 0.000193 seconds.
  path: Assets/Prefabs/HealthBoxPrefab.prefab
  artifactKey: Guid(1152093389ee34e8db0dc149734b1ea0) Importer(815301076,1909f56bfc062723c751e8b465ee728b)
Start importing Assets/Prefabs/HealthBoxPrefab.prefab using Guid(1152093389ee34e8db0dc149734b1ea0) Importer(815301076,1909f56bfc062723c751e8b465ee728b)  -> (artifact id: '5a1a33dbbab52f46c468fdbe01889143') in 0.011939 seconds
  Import took 0.015072 seconds .

========================================================================
Received Import Request.
  Time since last request: 0.000211 seconds.
  path: Assets/Prefabs/Terrain.prefab
  artifactKey: Guid(cc48631e93dcf4e5394fdcef194cd445) Importer(815301076,1909f56bfc062723c751e8b465ee728b)
Start importing Assets/Prefabs/Terrain.prefab using Guid(cc48631e93dcf4e5394fdcef194cd445) Importer(815301076,1909f56bfc062723c751e8b465ee728b)  -> (artifact id: 'ea484bbeb7e32a331ac2899831d693ce') in 0.007730 seconds
  Import took 0.009988 seconds .

========================================================================
Received Import Request.
  Time since last request: 0.000212 seconds.
  path: Assets/Prefabs/WeaponSpawner.prefab
  artifactKey: Guid(c8ed7c318a5f9464cbf26f56084f20f0) Importer(815301076,1909f56bfc062723c751e8b465ee728b)
Start importing Assets/Prefabs/WeaponSpawner.prefab using Guid(c8ed7c318a5f9464cbf26f56084f20f0) Importer(815301076,1909f56bfc062723c751e8b465ee728b)  -> (artifact id: '77db6657e8480e845bc972c4bc56f856') in 0.007578 seconds
  Import took 0.009666 seconds .

========================================================================
Received Import Request.
  Time since last request: 0.000253 seconds.
  path: Assets/Prefabs/WinningDiamond Variant.prefab
  artifactKey: Guid(6055e973cfadd4aa484112c59af097e4) Importer(815301076,1909f56bfc062723c751e8b465ee728b)
Start importing Assets/Prefabs/WinningDiamond Variant.prefab using Guid(6055e973cfadd4aa484112c59af097e4) Importer(815301076,1909f56bfc062723c751e8b465ee728b)  -> (artifact id: 'bd09e31a007884ab65feed20a9f5c97b') in 0.011101 seconds
  Import took 0.013931 seconds .

========================================================================
Received Import Request.
  Time since last request: 0.000303 seconds.
  path: Assets/Prefabs/Heavy_08.prefab
  artifactKey: Guid(43f8a648dbc00ce4c88a392f3c509be9) Importer(815301076,1909f56bfc062723c751e8b465ee728b)
Start importing Assets/Prefabs/Heavy_08.prefab using Guid(43f8a648dbc00ce4c88a392f3c509be9) Importer(815301076,1909f56bfc062723c751e8b465ee728b)  -> (artifact id: '52db4e9257093ae372128be4ae278f58') in 0.023490 seconds
  Import took 0.026929 seconds .

========================================================================
Received Import Request.
  Time since last request: 0.000216 seconds.
  path: Assets/Prefabs/GuardPrefab.prefab
  artifactKey: Guid(99d6daaa41d7140af95cd2a104cd6dce) Importer(815301076,1909f56bfc062723c751e8b465ee728b)
Start importing Assets/Prefabs/GuardPrefab.prefab using Guid(99d6daaa41d7140af95cd2a104cd6dce) Importer(815301076,1909f56bfc062723c751e8b465ee728b)  -> (artifact id: '9f703b8e32aa39e7d4bda1f6afbb81e2') in 0.047459 seconds
  Import took 0.051207 seconds .

========================================================================
Received Import Request.
  Time since last request: 0.000230 seconds.
  path: Assets/Prefabs/Treasure.prefab
  artifactKey: Guid(7eddec8b539584c31b36ac0183d09cec) Importer(815301076,1909f56bfc062723c751e8b465ee728b)
Start importing Assets/Prefabs/Treasure.prefab using Guid(7eddec8b539584c31b36ac0183d09cec) Importer(815301076,1909f56bfc062723c751e8b465ee728b)  -> (artifact id: 'f47a4e157ceba61382e839c125eb2787') in 0.028395 seconds
  Import took 0.031676 seconds .

========================================================================
Received Prepare
Registering precompiled user dll's ...
Registered in 0.000777 seconds.
Begin MonoManager ReloadAssembly
Native extension for WindowsStandalone target not found
Refreshing native plugins compatible for Editor in 0.36 ms, found 0 plugins.
Preloading 0 native plugins for Editor in 0.00 ms.
Invoked RoslynAnalysisRunner static constructor.
RoslynAnalysisRunner will not be running.
RoslynAnalysisRunner has terminated.
Mono: successfully reloaded assembly
- Completed reload, in  0.644 seconds
Platform modules already initialized, skipping
Shader 'WFX/Transparent Specular': fallback shader 'Particles/Alpha Blended' not found
Shader 'WFX/Transparent Diffuse': fallback shader 'Particles/Alpha Blended' not found
Refreshing native plugins compatible for Editor in 0.37 ms, found 0 plugins.
Preloading 0 native plugins for Editor in 0.00 ms.
Unloading 1252 Unused Serialized files (Serialized files now loaded: 0)
System memory in use before: 170.4 MB.
System memory in use after: 170.2 MB.

Unloading 6 unused Assets to reduce memory usage. Loaded Objects now: 1814.
Total: 2.397500 ms (FindLiveObjects: 0.285900 ms CreateObjectMapping: 0.080700 ms MarkObjects: 1.758700 ms  DeleteObjects: 0.269600 ms)

========================================================================
Received Import Request.
  Time since last request: 254.685625 seconds.
  path: Assets/Scripts/Gun.cs
  artifactKey: Guid(c998896a367fff34babaf312345b3ff4) Importer(815301076,1909f56bfc062723c751e8b465ee728b)
Start importing Assets/Scripts/Gun.cs using Guid(c998896a367fff34babaf312345b3ff4) Importer(815301076,1909f56bfc062723c751e8b465ee728b)  -> (artifact id: '95399b0505c0fd7a45532de9d0fd85b3') in 0.014904 seconds
  Import took 0.017517 seconds .

========================================================================
Received Import Request.
  Time since last request: 68.349917 seconds.
  path: Assets/Scripts/WeaponData.cs
  artifactKey: Guid(3d0fbd3b29f15bd4786934872cbdb69d) Importer(815301076,1909f56bfc062723c751e8b465ee728b)
Start importing Assets/Scripts/WeaponData.cs using Guid(3d0fbd3b29f15bd4786934872cbdb69d) Importer(815301076,1909f56bfc062723c751e8b465ee728b)  -> (artifact id: '2bd302d907838975a6f275cc8014ebbe') in 0.006938 seconds
  Import took 0.009772 seconds .

========================================================================
Received Prepare
Registering precompiled user dll's ...
Registered in 0.000761 seconds.
Begin MonoManager ReloadAssembly
Native extension for WindowsStandalone target not found
Refreshing native plugins compatible for Editor in 0.37 ms, found 0 plugins.
Preloading 0 native plugins for Editor in 0.00 ms.
Invoked RoslynAnalysisRunner static constructor.
RoslynAnalysisRunner will not be running.
RoslynAnalysisRunner has terminated.
Mono: successfully reloaded assembly
- Completed reload, in  0.670 seconds
Platform modules already initialized, skipping
Shader 'WFX/Transparent Specular': fallback shader 'Particles/Alpha Blended' not found
Shader 'WFX/Transparent Diffuse': fallback shader 'Particles/Alpha Blended' not found
Refreshing native plugins compatible for Editor in 0.39 ms, found 0 plugins.
Preloading 0 native plugins for Editor in 0.00 ms.
Unloading 1253 Unused Serialized files (Serialized files now loaded: 0)
System memory in use before: 170.5 MB.
System memory in use after: 170.2 MB.

Unloading 6 unused Assets to reduce memory usage. Loaded Objects now: 1818.
Total: 2.704700 ms (FindLiveObjects: 0.290000 ms CreateObjectMapping: 0.077000 ms MarkObjects: 1.978100 ms  DeleteObjects: 0.357200 ms)

========================================================================
Received Prepare
Registering precompiled user dll's ...
Registered in 0.000762 seconds.
Begin MonoManager ReloadAssembly
Native extension for WindowsStandalone target not found
Refreshing native plugins compatible for Editor in 0.37 ms, found 0 plugins.
Preloading 0 native plugins for Editor in 0.00 ms.
Invoked RoslynAnalysisRunner static constructor.
RoslynAnalysisRunner will not be running.
RoslynAnalysisRunner has terminated.
Mono: successfully reloaded assembly
- Completed reload, in  0.657 seconds
Platform modules already initialized, skipping
Shader 'WFX/Transparent Specular': fallback shader 'Particles/Alpha Blended' not found
Shader 'WFX/Transparent Diffuse': fallback shader 'Particles/Alpha Blended' not found
Refreshing native plugins compatible for Editor in 0.44 ms, found 0 plugins.
Preloading 0 native plugins for Editor in 0.00 ms.
Unloading 1253 Unused Serialized files (Serialized files now loaded: 0)
System memory in use before: 170.5 MB.
System memory in use after: 170.2 MB.

Unloading 6 unused Assets to reduce memory usage. Loaded Objects now: 1821.
Total: 2.029300 ms (FindLiveObjects: 0.222000 ms CreateObjectMapping: 0.054800 ms MarkObjects: 1.427600 ms  DeleteObjects: 0.323300 ms)

========================================================================
Received Import Request.
  Time since last request: 344.263160 seconds.
  path: Assets/Scripts/WeaponData.cs
  artifactKey: Guid(3d0fbd3b29f15bd4786934872cbdb69d) Importer(815301076,1909f56bfc062723c751e8b465ee728b)
Start importing Assets/Scripts/WeaponData.cs using Guid(3d0fbd3b29f15bd4786934872cbdb69d) Importer(815301076,1909f56bfc062723c751e8b465ee728b)  -> (artifact id: 'e3b77c93b6a9c30dc34b24963b7d2b3e') in 0.004610 seconds
  Import took 0.006808 seconds .

========================================================================
Received Prepare
Registering precompiled user dll's ...
Registered in 0.000767 seconds.
Begin MonoManager ReloadAssembly
Native extension for WindowsStandalone target not found
Refreshing native plugins compatible for Editor in 0.38 ms, found 0 plugins.
Preloading 0 native plugins for Editor in 0.00 ms.
Invoked RoslynAnalysisRunner static constructor.
RoslynAnalysisRunner will not be running.
RoslynAnalysisRunner has terminated.
Mono: successfully reloaded assembly
- Completed reload, in  0.661 seconds
Platform modules already initialized, skipping
Shader 'WFX/Transparent Specular': fallback shader 'Particles/Alpha Blended' not found
Shader 'WFX/Transparent Diffuse': fallback shader 'Particles/Alpha Blended' not found
Refreshing native plugins compatible for Editor in 0.37 ms, found 0 plugins.
Preloading 0 native plugins for Editor in 0.00 ms.
Unloading 1254 Unused Serialized files (Serialized files now loaded: 0)
System memory in use before: 170.5 MB.
System memory in use after: 170.3 MB.

Unloading 6 unused Assets to reduce memory usage. Loaded Objects now: 1825.
Total: 2.183400 ms (FindLiveObjects: 0.280700 ms CreateObjectMapping: 0.079700 ms MarkObjects: 1.449600 ms  DeleteObjects: 0.371700 ms)

========================================================================
Received Prepare
Registering precompiled user dll's ...
Registered in 0.000751 seconds.
Begin MonoManager ReloadAssembly
Native extension for WindowsStandalone target not found
Refreshing native plugins compatible for Editor in 0.37 ms, found 0 plugins.
Preloading 0 native plugins for Editor in 0.00 ms.
Invoked RoslynAnalysisRunner static constructor.
RoslynAnalysisRunner will not be running.
RoslynAnalysisRunner has terminated.
Mono: successfully reloaded assembly
- Completed reload, in  0.649 seconds
Platform modules already initialized, skipping
Shader 'WFX/Transparent Specular': fallback shader 'Particles/Alpha Blended' not found
Shader 'WFX/Transparent Diffuse': fallback shader 'Particles/Alpha Blended' not found
Refreshing native plugins compatible for Editor in 0.39 ms, found 0 plugins.
Preloading 0 native plugins for Editor in 0.00 ms.
Unloading 1254 Unused Serialized files (Serialized files now loaded: 0)
System memory in use before: 170.6 MB.
System memory in use after: 170.3 MB.

Unloading 6 unused Assets to reduce memory usage. Loaded Objects now: 1828.
Total: 2.099000 ms (FindLiveObjects: 0.215100 ms CreateObjectMapping: 0.054100 ms MarkObjects: 1.477900 ms  DeleteObjects: 0.350400 ms)

========================================================================
Received Import Request.
  Time since last request: 489.596699 seconds.
  path: Assets/Scripts/GunScript.cs
  artifactKey: Guid(c591104131cbf504f8b39b304bf3dc32) Importer(815301076,1909f56bfc062723c751e8b465ee728b)
Start importing Assets/Scripts/GunScript.cs using Guid(c591104131cbf504f8b39b304bf3dc32) Importer(815301076,1909f56bfc062723c751e8b465ee728b)  -> (artifact id: 'd3d082e1fd5f7b2cd54e35899f6a1fd6') in 0.008549 seconds
  Import took 0.010785 seconds .

========================================================================
Received Import Request.
  Time since last request: 0.001043 seconds.
  path: Assets/Scripts/GunScript.cs
  artifactKey: Guid(c591104131cbf504f8b39b304bf3dc32) Importer(815301076,1909f56bfc062723c751e8b465ee728b)
Start importing Assets/Scripts/GunScript.cs using Guid(c591104131cbf504f8b39b304bf3dc32) Importer(815301076,1909f56bfc062723c751e8b465ee728b)  -> (artifact id: 'd3d082e1fd5f7b2cd54e35899f6a1fd6') in 0.002324 seconds
  Import took 0.004746 seconds .

========================================================================
Received Import Request.
  Time since last request: 3.560593 seconds.
  path: Assets/Scripts/WeaponManager.cs
  artifactKey: Guid(6779fda423e17ce40bf33127599ccd1f) Importer(815301076,1909f56bfc062723c751e8b465ee728b)
Start importing Assets/Scripts/WeaponManager.cs using Guid(6779fda423e17ce40bf33127599ccd1f) Importer(815301076,1909f56bfc062723c751e8b465ee728b)  -> (artifact id: '5eaf0eef374c4437f7c97c92e526810b') in 0.005837 seconds
  Import took 0.008024 seconds .

========================================================================
Received Import Request.
  Time since last request: 22.526509 seconds.
  path: Assets/GunScript.cs
  artifactKey: Guid(43a5ad8c40b2f1b4f957354862e48054) Importer(815301076,1909f56bfc062723c751e8b465ee728b)
Start importing Assets/GunScript.cs using Guid(43a5ad8c40b2f1b4f957354862e48054) Importer(815301076,1909f56bfc062723c751e8b465ee728b)  -> (artifact id: '59260fbe892d78e3113796fb6fdcf5bc') in 0.002825 seconds
  Import took 0.004925 seconds .

========================================================================
Received Import Request.
  Time since last request: 348.873865 seconds.
  path: Assets/Scripts/WeaponType.cs
  artifactKey: Guid(4f9d7672e2fc29a4185d5ab422fe2be5) Importer(815301076,1909f56bfc062723c751e8b465ee728b)
Start importing Assets/Scripts/WeaponType.cs using Guid(4f9d7672e2fc29a4185d5ab422fe2be5) Importer(815301076,1909f56bfc062723c751e8b465ee728b)  -> (artifact id: 'b4ee3b3ff21859eb778f1e9d33b2f1fb') in 0.006312 seconds
  Import took 0.008527 seconds .

========================================================================
Received Import Request.
  Time since last request: 14.560551 seconds.
  path: Assets/GunScript.cs
  artifactKey: Guid(43a5ad8c40b2f1b4f957354862e48054) Importer(815301076,1909f56bfc062723c751e8b465ee728b)
Start importing Assets/GunScript.cs using Guid(43a5ad8c40b2f1b4f957354862e48054) Importer(815301076,1909f56bfc062723c751e8b465ee728b)  -> (artifact id: 'f9543220d569bdc799e4e3fa461d89cc') in 0.023762 seconds
  Import took 0.026373 seconds .

========================================================================
Received Import Request.
  Time since last request: 22.493286 seconds.
  path: Assets/Scripts/WeaponManager.cs
  artifactKey: Guid(6779fda423e17ce40bf33127599ccd1f) Importer(815301076,1909f56bfc062723c751e8b465ee728b)
Start importing Assets/Scripts/WeaponManager.cs using Guid(6779fda423e17ce40bf33127599ccd1f) Importer(815301076,1909f56bfc062723c751e8b465ee728b)  -> (artifact id: 'ac602ee5851b58b73aa6c03b8aa8d0e2') in 0.002208 seconds
  Import took 0.004336 seconds .

========================================================================
Received Import Request.
  Time since last request: 0.001552 seconds.
  path: Assets/Scripts/WeaponManager.cs
  artifactKey: Guid(6779fda423e17ce40bf33127599ccd1f) Importer(815301076,1909f56bfc062723c751e8b465ee728b)
Start importing Assets/Scripts/WeaponManager.cs using Guid(6779fda423e17ce40bf33127599ccd1f) Importer(815301076,1909f56bfc062723c751e8b465ee728b)  -> (artifact id: 'ac602ee5851b58b73aa6c03b8aa8d0e2') in 0.002391 seconds
  Import took 0.004469 seconds .

========================================================================
Received Import Request.
  Time since last request: 7414.129331 seconds.
  path: Assets/Scripts/WeaponManager.cs
  artifactKey: Guid(6779fda423e17ce40bf33127599ccd1f) Importer(815301076,1909f56bfc062723c751e8b465ee728b)
Start importing Assets/Scripts/WeaponManager.cs using Guid(6779fda423e17ce40bf33127599ccd1f) Importer(815301076,1909f56bfc062723c751e8b465ee728b)  -> (artifact id: '11838084028a32cf546c7ca127ff71c8') in 0.002632 seconds
  Import took 0.005023 seconds .

========================================================================
Received Import Request.
  Time since last request: 181.923082 seconds.
  path: Assets/Prefabs
  artifactKey: Guid(5eada1f8d905f924d987b976f0e4ce52) Importer(815301076,1909f56bfc062723c751e8b465ee728b)
Start importing Assets/Prefabs using Guid(5eada1f8d905f924d987b976f0e4ce52) Importer(815301076,1909f56bfc062723c751e8b465ee728b)  -> (artifact id: 'a86b768e1883f3aaea4af801468155c0') in 0.034914 seconds
  Import took 0.037726 seconds .

========================================================================
Received Import Request.
  Time since last request: 65.700652 seconds.
  path: Assets/Scripts/WeaponData.cs
  artifactKey: Guid(3d0fbd3b29f15bd4786934872cbdb69d) Importer(815301076,1909f56bfc062723c751e8b465ee728b)
Start importing Assets/Scripts/WeaponData.cs using Guid(3d0fbd3b29f15bd4786934872cbdb69d) Importer(815301076,1909f56bfc062723c751e8b465ee728b)  -> (artifact id: 'eb7d1338df9d3f38eff62bd1bc964e43') in 0.002434 seconds
  Import took 0.004636 seconds .

========================================================================
Received Prepare
Registering precompiled user dll's ...
Registered in 0.000768 seconds.
Begin MonoManager ReloadAssembly
Native extension for WindowsStandalone target not found
Refreshing native plugins compatible for Editor in 0.37 ms, found 0 plugins.
Preloading 0 native plugins for Editor in 0.00 ms.
Invoked RoslynAnalysisRunner static constructor.
RoslynAnalysisRunner will not be running.
RoslynAnalysisRunner has terminated.
Mono: successfully reloaded assembly
- Completed reload, in  0.647 seconds
Platform modules already initialized, skipping
Shader 'WFX/Transparent Specular': fallback shader 'Particles/Alpha Blended' not found
Shader 'WFX/Transparent Diffuse': fallback shader 'Particles/Alpha Blended' not found
Refreshing native plugins compatible for Editor in 0.42 ms, found 0 plugins.
Preloading 0 native plugins for Editor in 0.00 ms.
Unloading 1255 Unused Serialized files (Serialized files now loaded: 0)
System memory in use before: 170.6 MB.
System memory in use after: 170.3 MB.

Unloading 6 unused Assets to reduce memory usage. Loaded Objects now: 1833.
Total: 2.531800 ms (FindLiveObjects: 0.160600 ms CreateObjectMapping: 0.029300 ms MarkObjects: 1.985200 ms  DeleteObjects: 0.355400 ms)

========================================================================
Received Import Request.
  Time since last request: 45.558538 seconds.
  path: Assets/Scripts/Gun.cs
  artifactKey: Guid(c998896a367fff34babaf312345b3ff4) Importer(815301076,1909f56bfc062723c751e8b465ee728b)
Start importing Assets/Scripts/Gun.cs using Guid(c998896a367fff34babaf312345b3ff4) Importer(815301076,1909f56bfc062723c751e8b465ee728b)  -> (artifact id: '02b7ed2babb3e254393545ea7036725c') in 0.004410 seconds
  Import took 0.006553 seconds .

========================================================================
Received Import Request.
  Time since last request: 117.324449 seconds.
  path: Assets/Scripts/Heavy.asset
  artifactKey: Guid(385c3b76e7eca99458903ed2e058873a) Importer(815301076,1909f56bfc062723c751e8b465ee728b)
Start importing Assets/Scripts/Heavy.asset using Guid(385c3b76e7eca99458903ed2e058873a) Importer(815301076,1909f56bfc062723c751e8b465ee728b)  -> (artifact id: 'bd3894a1db2fd2ce666a18afc0eca50a') in 0.013271 seconds
  Import took 0.015487 seconds .

========================================================================
Received Import Request.
  Time since last request: 0.000551 seconds.
  path: Assets/Scripts/Heavy.asset
  artifactKey: Guid(385c3b76e7eca99458903ed2e058873a) Importer(815301076,1909f56bfc062723c751e8b465ee728b)
Start importing Assets/Scripts/Heavy.asset using Guid(385c3b76e7eca99458903ed2e058873a) Importer(815301076,1909f56bfc062723c751e8b465ee728b)  -> (artifact id: 'bd3894a1db2fd2ce666a18afc0eca50a') in 0.002969 seconds
  Import took 0.005323 seconds .

========================================================================
Received Prepare
Registering precompiled user dll's ...
Registered in 0.000761 seconds.
Begin MonoManager ReloadAssembly
Native extension for WindowsStandalone target not found
Refreshing native plugins compatible for Editor in 0.41 ms, found 0 plugins.
Preloading 0 native plugins for Editor in 0.00 ms.
Invoked RoslynAnalysisRunner static constructor.
RoslynAnalysisRunner will not be running.
RoslynAnalysisRunner has terminated.
Mono: successfully reloaded assembly
- Completed reload, in  0.642 seconds
Platform modules already initialized, skipping
Shader 'WFX/Transparent Specular': fallback shader 'Particles/Alpha Blended' not found
Shader 'WFX/Transparent Diffuse': fallback shader 'Particles/Alpha Blended' not found
Refreshing native plugins compatible for Editor in 0.38 ms, found 0 plugins.
Preloading 0 native plugins for Editor in 0.00 ms.
Unloading 1255 Unused Serialized files (Serialized files now loaded: 0)
System memory in use before: 170.6 MB.
System memory in use after: 170.3 MB.

Unloading 6 unused Assets to reduce memory usage. Loaded Objects now: 1836.
Total: 2.690300 ms (FindLiveObjects: 0.352900 ms CreateObjectMapping: 0.056200 ms MarkObjects: 1.903700 ms  DeleteObjects: 0.375700 ms)

========================================================================
Received Import Request.
  Time since last request: 49.244337 seconds.
  path: Assets/Scripts/WeaponData.cs
  artifactKey: Guid(3d0fbd3b29f15bd4786934872cbdb69d) Importer(815301076,1909f56bfc062723c751e8b465ee728b)
Start importing Assets/Scripts/WeaponData.cs using Guid(3d0fbd3b29f15bd4786934872cbdb69d) Importer(815301076,1909f56bfc062723c751e8b465ee728b)  -> (artifact id: '683dce39a3b3e7cbdfbd7f2ca8352ca7') in 0.004132 seconds
  Import took 0.048443 seconds .

========================================================================
Received Import Request.
  Time since last request: 1106.800391 seconds.
  path: Assets/Scripts/Enemies
  artifactKey: Guid(5111322cabb104023b162e3b792aee93) Importer(815301076,1909f56bfc062723c751e8b465ee728b)
Start importing Assets/Scripts/Enemies using Guid(5111322cabb104023b162e3b792aee93) Importer(815301076,1909f56bfc062723c751e8b465ee728b)  -> (artifact id: '62bb275455d86f41cc4b0208ea6276eb') in 0.007866 seconds
  Import took 0.010498 seconds .

========================================================================
Received Import Request.
  Time since last request: 0.000451 seconds.
  path: Assets/Scripts/Enemies
  artifactKey: Guid(5111322cabb104023b162e3b792aee93) Importer(815301076,1909f56bfc062723c751e8b465ee728b)
Start importing Assets/Scripts/Enemies using Guid(5111322cabb104023b162e3b792aee93) Importer(815301076,1909f56bfc062723c751e8b465ee728b)  -> (artifact id: '62bb275455d86f41cc4b0208ea6276eb') in 0.002618 seconds
  Import took 0.004681 seconds .

========================================================================
Received Import Request.
  Time since last request: 2.260047 seconds.
  path: Assets/Scripts/Enemies/Enemy
  artifactKey: Guid(5e9f7a552f8394e88a51a5fcea56504b) Importer(815301076,1909f56bfc062723c751e8b465ee728b)
Start importing Assets/Scripts/Enemies/Enemy using Guid(5e9f7a552f8394e88a51a5fcea56504b) Importer(815301076,1909f56bfc062723c751e8b465ee728b)  -> (artifact id: '96eac2b2242908adcab0b1f7b0a538f6') in 0.006522 seconds
  Import took 0.009284 seconds .

========================================================================
Received Import Request.
  Time since last request: 1.796223 seconds.
  path: Assets/Scripts/Enemies/Enemy/EnemyController.cs
  artifactKey: Guid(dd2b17a6c818b44828a6877c34ada79c) Importer(815301076,1909f56bfc062723c751e8b465ee728b)
Start importing Assets/Scripts/Enemies/Enemy/EnemyController.cs using Guid(dd2b17a6c818b44828a6877c34ada79c) Importer(815301076,1909f56bfc062723c751e8b465ee728b)  -> (artifact id: '90e66e7c178c18cb0611358fcbe36fde') in 0.006265 seconds
  Import took 0.008575 seconds .

========================================================================
Received Import Request.
  Time since last request: 0.000514 seconds.
  path: Assets/Scripts/Enemies/Enemy/EnemyController.cs
  artifactKey: Guid(dd2b17a6c818b44828a6877c34ada79c) Importer(815301076,1909f56bfc062723c751e8b465ee728b)
Start importing Assets/Scripts/Enemies/Enemy/EnemyController.cs using Guid(dd2b17a6c818b44828a6877c34ada79c) Importer(815301076,1909f56bfc062723c751e8b465ee728b)  -> (artifact id: '90e66e7c178c18cb0611358fcbe36fde') in 0.002175 seconds
  Import took 0.004253 seconds .

========================================================================
Received Prepare
Registering precompiled user dll's ...
Registered in 0.001070 seconds.
Begin MonoManager ReloadAssembly
Native extension for WindowsStandalone target not found
Refreshing native plugins compatible for Editor in 0.55 ms, found 0 plugins.
Preloading 0 native plugins for Editor in 0.00 ms.
Invoked RoslynAnalysisRunner static constructor.
RoslynAnalysisRunner will not be running.
RoslynAnalysisRunner has terminated.
Mono: successfully reloaded assembly
- Completed reload, in  1.526 seconds
Platform modules already initialized, skipping
Shader 'WFX/Transparent Specular': fallback shader 'Particles/Alpha Blended' not found
Shader 'WFX/Transparent Diffuse': fallback shader 'Particles/Alpha Blended' not found
Refreshing native plugins compatible for Editor in 0.68 ms, found 0 plugins.
Preloading 0 native plugins for Editor in 0.00 ms.
Unloading 1255 Unused Serialized files (Serialized files now loaded: 0)
System memory in use before: 170.6 MB.
System memory in use after: 170.3 MB.

Unloading 6 unused Assets to reduce memory usage. Loaded Objects now: 1839.
Total: 4.213700 ms (FindLiveObjects: 0.272900 ms CreateObjectMapping: 0.076400 ms MarkObjects: 3.018000 ms  DeleteObjects: 0.843500 ms)

========================================================================
Received Prepare
Registering precompiled user dll's ...
Registered in 0.001407 seconds.
Begin MonoManager ReloadAssembly
Native extension for WindowsStandalone target not found
Refreshing native plugins compatible for Editor in 0.51 ms, found 0 plugins.
Preloading 0 native plugins for Editor in 0.00 ms.
Invoked RoslynAnalysisRunner static constructor.
RoslynAnalysisRunner will not be running.
RoslynAnalysisRunner has terminated.
Mono: successfully reloaded assembly
- Completed reload, in  1.253 seconds
Platform modules already initialized, skipping
Shader 'WFX/Transparent Specular': fallback shader 'Particles/Alpha Blended' not found
Shader 'WFX/Transparent Diffuse': fallback shader 'Particles/Alpha Blended' not found
Refreshing native plugins compatible for Editor in 0.50 ms, found 0 plugins.
Preloading 0 native plugins for Editor in 0.00 ms.
Unloading 1255 Unused Serialized files (Serialized files now loaded: 0)
System memory in use before: 170.6 MB.
System memory in use after: 170.3 MB.

Unloading 6 unused Assets to reduce memory usage. Loaded Objects now: 1842.
Total: 5.372400 ms (FindLiveObjects: 0.285000 ms CreateObjectMapping: 0.081700 ms MarkObjects: 4.155100 ms  DeleteObjects: 0.848000 ms)

========================================================================
Received Import Request.
  Time since last request: 10552.571726 seconds.
  path: Assets/Prefabs/GuardPrefab.prefab
  artifactKey: Guid(99d6daaa41d7140af95cd2a104cd6dce) Importer(815301076,1909f56bfc062723c751e8b465ee728b)
Start importing Assets/Prefabs/GuardPrefab.prefab using Guid(99d6daaa41d7140af95cd2a104cd6dce) Importer(815301076,1909f56bfc062723c751e8b465ee728b)  -> (artifact id: '5e732c2bc8d48bbc1cd97eb241c4d71a') in 0.284214 seconds
  Import took 0.292892 seconds .

========================================================================
Received Import Request.
  Time since last request: 0.000395 seconds.
  path: Assets/Prefabs/WeaponSpawner.prefab
  artifactKey: Guid(c8ed7c318a5f9464cbf26f56084f20f0) Importer(815301076,1909f56bfc062723c751e8b465ee728b)
Start importing Assets/Prefabs/WeaponSpawner.prefab using Guid(c8ed7c318a5f9464cbf26f56084f20f0) Importer(815301076,1909f56bfc062723c751e8b465ee728b)  -> (artifact id: '9ab05cf109a66f277c9296dba4bc440a') in 0.008934 seconds
  Import took 0.014042 seconds .

========================================================================
Received Import Request.
  Time since last request: 0.000390 seconds.
  path: Assets/Prefabs/Treasure.prefab
  artifactKey: Guid(7eddec8b539584c31b36ac0183d09cec) Importer(815301076,1909f56bfc062723c751e8b465ee728b)
Start importing Assets/Prefabs/Treasure.prefab using Guid(7eddec8b539584c31b36ac0183d09cec) Importer(815301076,1909f56bfc062723c751e8b465ee728b)  -> (artifact id: '7e60f365ca21fec3b41bb78e2db409fa') in 0.083012 seconds
  Import took 0.089761 seconds .

========================================================================
Received Import Request.
  Time since last request: 22.309469 seconds.
  path: Assets/Sounds/Guns
  artifactKey: Guid(69dfc70c6f4e741f9a4a2c914fde75b6) Importer(815301076,1909f56bfc062723c751e8b465ee728b)
Start importing Assets/Sounds/Guns using Guid(69dfc70c6f4e741f9a4a2c914fde75b6) Importer(815301076,1909f56bfc062723c751e8b465ee728b)  -> (artifact id: '1a061f63df87a2af734b84689b927787') in 0.034010 seconds
  Import took 0.038176 seconds .

========================================================================
Received Import Request.
  Time since last request: 0.010004 seconds.
  path: Assets/Sounds/Guns
  artifactKey: Guid(69dfc70c6f4e741f9a4a2c914fde75b6) Importer(815301076,1909f56bfc062723c751e8b465ee728b)
Start importing Assets/Sounds/Guns using Guid(69dfc70c6f4e741f9a4a2c914fde75b6) Importer(815301076,1909f56bfc062723c751e8b465ee728b)  -> (artifact id: '1a061f63df87a2af734b84689b927787') in 0.006054 seconds
  Import took 0.011234 seconds .

========================================================================
Received Import Request.
  Time since last request: 0.176753 seconds.
  path: Assets/Sounds/Guns/Assault Rifle Fire.mp3
  artifactKey: Guid(27f8dac0cf81a4b9e93ef3587d5d982b) Importer(815301076,1909f56bfc062723c751e8b465ee728b)
Start importing Assets/Sounds/Guns/Assault Rifle Fire.mp3 using Guid(27f8dac0cf81a4b9e93ef3587d5d982b) Importer(815301076,1909f56bfc062723c751e8b465ee728b)  -> (artifact id: '9eaee3a265f1cbed8efe838d46048535') in 0.194152 seconds
  Import took 0.197972 seconds .

========================================================================
Received Import Request.
  Time since last request: 0.000303 seconds.
  path: Assets/Sounds/Guns/Sawed Off Fire 02.wav
  artifactKey: Guid(b3574413e17664ee485767888091031f) Importer(815301076,1909f56bfc062723c751e8b465ee728b)
Start importing Assets/Sounds/Guns/Sawed Off Fire 02.wav using Guid(b3574413e17664ee485767888091031f) Importer(815301076,1909f56bfc062723c751e8b465ee728b)  -> (artifact id: '30e08aef2b1e59cf9f625146076cd106') in 0.022063 seconds
  Import took 0.026612 seconds .

========================================================================
Received Import Request.
  Time since last request: 0.000269 seconds.
  path: Assets/Sounds/Guns/Sawed Off Fire 03.mp3
  artifactKey: Guid(cb9c439fcfdec4e1aa9e848444ec31a8) Importer(815301076,1909f56bfc062723c751e8b465ee728b)
Start importing Assets/Sounds/Guns/Sawed Off Fire 03.mp3 using Guid(cb9c439fcfdec4e1aa9e848444ec31a8) Importer(815301076,1909f56bfc062723c751e8b465ee728b)  -> (artifact id: '68042f2ea42a7351087fa5170a205b70') in 0.020150 seconds
  Import took 0.023397 seconds .

========================================================================
Received Import Request.
  Time since last request: 0.000226 seconds.
  path: Assets/Sounds/Guns/Shotgun Pump 02.wav
  artifactKey: Guid(b8d842c6937124296bb58615ebeb13b3) Importer(815301076,1909f56bfc062723c751e8b465ee728b)
Start importing Assets/Sounds/Guns/Shotgun Pump 02.wav using Guid(b8d842c6937124296bb58615ebeb13b3) Importer(815301076,1909f56bfc062723c751e8b465ee728b)  -> (artifact id: '60deda3d9dae280d198b3b66e9533ac7') in 0.024221 seconds
  Import took 0.027730 seconds .

========================================================================
Received Import Request.
  Time since last request: 0.000246 seconds.
  path: Assets/Sounds/Guns/Revolver Fire.wav
  artifactKey: Guid(838c23fe1d4da4d188ab8e74bc5d750f) Importer(815301076,1909f56bfc062723c751e8b465ee728b)
Start importing Assets/Sounds/Guns/Revolver Fire.wav using Guid(838c23fe1d4da4d188ab8e74bc5d750f) Importer(815301076,1909f56bfc062723c751e8b465ee728b)  -> (artifact id: 'cb0fb54a7e5fbdfccf41193635526298') in 0.016601 seconds
  Import took 0.019765 seconds .

========================================================================
Received Import Request.
  Time since last request: 0.000297 seconds.
  path: Assets/Sounds/Guns/Shotgun Pump 01.wav
  artifactKey: Guid(1b7c037ce8b234060a6d703a262ca0c6) Importer(815301076,1909f56bfc062723c751e8b465ee728b)
Start importing Assets/Sounds/Guns/Shotgun Pump 01.wav using Guid(1b7c037ce8b234060a6d703a262ca0c6) Importer(815301076,1909f56bfc062723c751e8b465ee728b)  -> (artifact id: 'c5e401b14c869e151f1dfbf2636dcc82') in 0.018791 seconds
  Import took 0.022578 seconds .

========================================================================
Received Import Request.
  Time since last request: 0.000254 seconds.
  path: Assets/Sounds/Guns/Shotgun Fire 01.wav
  artifactKey: Guid(fdde35d796ff34d929254bdf91d108fd) Importer(815301076,1909f56bfc062723c751e8b465ee728b)
Start importing Assets/Sounds/Guns/Shotgun Fire 01.wav using Guid(fdde35d796ff34d929254bdf91d108fd) Importer(815301076,1909f56bfc062723c751e8b465ee728b)  -> (artifact id: '6e6d9eaf7fb54bd0536ca1b52a42d172') in 0.018116 seconds
  Import took 0.021778 seconds .

========================================================================
Received Import Request.
  Time since last request: 0.000230 seconds.
  path: Assets/Sounds/Guns/Rifle Fire.mp3
  artifactKey: Guid(5605fa6a666d64b69863e2e42d384fad) Importer(815301076,1909f56bfc062723c751e8b465ee728b)
Start importing Assets/Sounds/Guns/Rifle Fire.mp3 using Guid(5605fa6a666d64b69863e2e42d384fad) Importer(815301076,1909f56bfc062723c751e8b465ee728b)  -> (artifact id: '1a3be3bea621e2025f6c9af1b25f3734') in 0.018379 seconds
  Import took 0.021539 seconds .

========================================================================
Received Import Request.
  Time since last request: 0.000227 seconds.
  path: Assets/Sounds/Guns/Sawed Off Fire 01.mp3
  artifactKey: Guid(e174469014aeb4a7f8ff88efb7739f7a) Importer(815301076,1909f56bfc062723c751e8b465ee728b)
Start importing Assets/Sounds/Guns/Sawed Off Fire 01.mp3 using Guid(e174469014aeb4a7f8ff88efb7739f7a) Importer(815301076,1909f56bfc062723c751e8b465ee728b)  -> (artifact id: '4da0a922888f7dda381cf6e3e532e5b7') in 0.017531 seconds
  Import took 0.020869 seconds .

========================================================================
Received Import Request.
  Time since last request: 40.074989 seconds.
  path: Assets/Prefabs/Heavy_08.prefab
  artifactKey: Guid(43f8a648dbc00ce4c88a392f3c509be9) Importer(815301076,1909f56bfc062723c751e8b465ee728b)
Start importing Assets/Prefabs/Heavy_08.prefab using Guid(43f8a648dbc00ce4c88a392f3c509be9) Importer(815301076,1909f56bfc062723c751e8b465ee728b)  -> (artifact id: 'cab4b65bd937da7ec34f02664443f0fa') in 0.049223 seconds
  Import took 0.055028 seconds .

========================================================================
Received Import Request.
  Time since last request: 0.003010 seconds.
  path: Assets/Prefabs/Heavy_08.prefab
  artifactKey: Guid(43f8a648dbc00ce4c88a392f3c509be9) Importer(815301076,1909f56bfc062723c751e8b465ee728b)
Start importing Assets/Prefabs/Heavy_08.prefab using Guid(43f8a648dbc00ce4c88a392f3c509be9) Importer(815301076,1909f56bfc062723c751e8b465ee728b)  -> (artifact id: 'cab4b65bd937da7ec34f02664443f0fa') in 0.035220 seconds
  Import took 0.040457 seconds .

========================================================================
Received Import Request.
  Time since last request: 10.122585 seconds.
  path: Assets/Prefabs/GuardPrefab.prefab
  artifactKey: Guid(99d6daaa41d7140af95cd2a104cd6dce) Importer(815301076,1909f56bfc062723c751e8b465ee728b)
Start importing Assets/Prefabs/GuardPrefab.prefab using Guid(99d6daaa41d7140af95cd2a104cd6dce) Importer(815301076,1909f56bfc062723c751e8b465ee728b)  -> (artifact id: 'e7f6ade5922bbca6fcc652d190fcaf54') in 0.042294 seconds
  Import took 0.047971 seconds .

========================================================================
Received Import Request.
  Time since last request: 0.000410 seconds.
  path: Assets/Prefabs/Treasure.prefab
  artifactKey: Guid(7eddec8b539584c31b36ac0183d09cec) Importer(815301076,1909f56bfc062723c751e8b465ee728b)
Start importing Assets/Prefabs/Treasure.prefab using Guid(7eddec8b539584c31b36ac0183d09cec) Importer(815301076,1909f56bfc062723c751e8b465ee728b)  -> (artifact id: '25b14e8520d035d7faf75ec542f4061f') in 0.019726 seconds
  Import took 0.024454 seconds .

========================================================================
Received Import Request.
  Time since last request: 8.630321 seconds.
  path: Assets/Prefabs/Pistol_01.prefab
  artifactKey: Guid(5e2e7f08f63e9004fabca7919adc754a) Importer(815301076,1909f56bfc062723c751e8b465ee728b)
Start importing Assets/Prefabs/Pistol_01.prefab using Guid(5e2e7f08f63e9004fabca7919adc754a) Importer(815301076,1909f56bfc062723c751e8b465ee728b)  -> (artifact id: 'd488c8e7d4a79b9e407164137a57e7b7') in 0.044496 seconds
  Import took 0.050397 seconds .

========================================================================
Received Import Request.
  Time since last request: 0.000860 seconds.
  path: Assets/Prefabs/Pistol_01.prefab
  artifactKey: Guid(5e2e7f08f63e9004fabca7919adc754a) Importer(815301076,1909f56bfc062723c751e8b465ee728b)
Start importing Assets/Prefabs/Pistol_01.prefab using Guid(5e2e7f08f63e9004fabca7919adc754a) Importer(815301076,1909f56bfc062723c751e8b465ee728b)  -> (artifact id: 'd488c8e7d4a79b9e407164137a57e7b7') in 0.029576 seconds
  Import took 0.035396 seconds .

========================================================================
Received Import Request.
  Time since last request: 12.734837 seconds.
  path: Assets/Prefabs/Rifle_06.prefab
  artifactKey: Guid(4820bdea7dc14bb4e80002a5ddd01f76) Importer(815301076,1909f56bfc062723c751e8b465ee728b)
Start importing Assets/Prefabs/Rifle_06.prefab using Guid(4820bdea7dc14bb4e80002a5ddd01f76) Importer(815301076,1909f56bfc062723c751e8b465ee728b)  -> (artifact id: '0d3b7c021eb3a1cc1b25f8f2c1c9b7cb') in 0.044674 seconds
  Import took 0.051216 seconds .

========================================================================
Received Import Request.
  Time since last request: 0.000367 seconds.
  path: Assets/Prefabs/GuardPrefab.prefab
  artifactKey: Guid(99d6daaa41d7140af95cd2a104cd6dce) Importer(815301076,1909f56bfc062723c751e8b465ee728b)
Start importing Assets/Prefabs/GuardPrefab.prefab using Guid(99d6daaa41d7140af95cd2a104cd6dce) Importer(815301076,1909f56bfc062723c751e8b465ee728b)  -> (artifact id: '05b4d9d57df788a7e16d6b887edc41bd') in 0.063685 seconds
  Import took 0.070626 seconds .

========================================================================
Received Import Request.
  Time since last request: 0.000466 seconds.
  path: Assets/Prefabs/Rifle_06.prefab
  artifactKey: Guid(4820bdea7dc14bb4e80002a5ddd01f76) Importer(815301076,1909f56bfc062723c751e8b465ee728b)
Start importing Assets/Prefabs/Rifle_06.prefab using Guid(4820bdea7dc14bb4e80002a5ddd01f76) Importer(815301076,1909f56bfc062723c751e8b465ee728b)  -> (artifact id: '0d3b7c021eb3a1cc1b25f8f2c1c9b7cb') in 0.036199 seconds
  Import took 0.040953 seconds .

========================================================================
Received Import Request.
  Time since last request: 0.000963 seconds.
  path: Assets/Prefabs/Treasure.prefab
  artifactKey: Guid(7eddec8b539584c31b36ac0183d09cec) Importer(815301076,1909f56bfc062723c751e8b465ee728b)
Start importing Assets/Prefabs/Treasure.prefab using Guid(7eddec8b539584c31b36ac0183d09cec) Importer(815301076,1909f56bfc062723c751e8b465ee728b)  -> (artifact id: '88320f6c1ee38f2b271fdbdc6275884b') in 0.036541 seconds
  Import took 0.041052 seconds .

========================================================================
Received Import Request.
  Time since last request: 0.000266 seconds.
  path: Assets/Prefabs/GuardPrefab.prefab
  artifactKey: Guid(99d6daaa41d7140af95cd2a104cd6dce) Importer(815301076,1909f56bfc062723c751e8b465ee728b)
Start importing Assets/Prefabs/GuardPrefab.prefab using Guid(99d6daaa41d7140af95cd2a104cd6dce) Importer(815301076,1909f56bfc062723c751e8b465ee728b)  -> (artifact id: '05b4d9d57df788a7e16d6b887edc41bd') in 0.054393 seconds
  Import took 0.059301 seconds .

========================================================================
Received Import Request.
  Time since last request: 0.016322 seconds.
  path: Assets/Prefabs/Treasure.prefab
  artifactKey: Guid(7eddec8b539584c31b36ac0183d09cec) Importer(815301076,1909f56bfc062723c751e8b465ee728b)
Start importing Assets/Prefabs/Treasure.prefab using Guid(7eddec8b539584c31b36ac0183d09cec) Importer(815301076,1909f56bfc062723c751e8b465ee728b)  -> (artifact id: '88320f6c1ee38f2b271fdbdc6275884b') in 0.036911 seconds
  Import took 0.043096 seconds .

========================================================================
Received Import Request.
  Time since last request: 10.818798 seconds.
  path: Assets/Prefabs/Guns
  artifactKey: Guid(2d26e9f50f2b283498ebeac94dd22e83) Importer(815301076,1909f56bfc062723c751e8b465ee728b)
Start importing Assets/Prefabs/Guns using Guid(2d26e9f50f2b283498ebeac94dd22e83) Importer(815301076,1909f56bfc062723c751e8b465ee728b)  -> (artifact id: 'a6fffc6652d982121a6c4576e30b8eb9') in 0.004556 seconds
  Import took 0.009751 seconds .

========================================================================
Received Prepare
Registering precompiled user dll's ...
Registered in 0.001053 seconds.
Begin MonoManager ReloadAssembly
Native extension for WindowsStandalone target not found
Refreshing native plugins compatible for Editor in 0.76 ms, found 0 plugins.
Preloading 0 native plugins for Editor in 0.00 ms.
Invoked RoslynAnalysisRunner static constructor.
RoslynAnalysisRunner will not be running.
RoslynAnalysisRunner has terminated.
Mono: successfully reloaded assembly
- Completed reload, in  1.135 seconds
Platform modules already initialized, skipping
Shader 'WFX/Transparent Specular': fallback shader 'Particles/Alpha Blended' not found
Shader 'WFX/Transparent Diffuse': fallback shader 'Particles/Alpha Blended' not found
Refreshing native plugins compatible for Editor in 0.50 ms, found 0 plugins.
Preloading 0 native plugins for Editor in 0.00 ms.
Unloading 1255 Unused Serialized files (Serialized files now loaded: 0)
System memory in use before: 170.7 MB.
System memory in use after: 170.5 MB.

Unloading 6 unused Assets to reduce memory usage. Loaded Objects now: 1848.
Total: 3.778400 ms (FindLiveObjects: 0.516300 ms CreateObjectMapping: 0.113500 ms MarkObjects: 2.669400 ms  DeleteObjects: 0.476600 ms)

========================================================================
Received Import Request.
  Time since last request: 157.474458 seconds.
  path: Assets/Prefabs/Guns/Heavy_08.asset
  artifactKey: Guid(b04c95123802a1a48983acefa881ec9c) Importer(815301076,1909f56bfc062723c751e8b465ee728b)
Start importing Assets/Prefabs/Guns/Heavy_08.asset using Guid(b04c95123802a1a48983acefa881ec9c) Importer(815301076,1909f56bfc062723c751e8b465ee728b)  -> (artifact id: '7dac5509d2c9e042f8257e7a6e0d5f66') in 0.019678 seconds
  Import took 0.049328 seconds .

========================================================================
Received Import Request.
  Time since last request: 0.029559 seconds.
  path: Assets/Prefabs/Guns/Heavy_08.asset
  artifactKey: Guid(b04c95123802a1a48983acefa881ec9c) Importer(815301076,1909f56bfc062723c751e8b465ee728b)
Start importing Assets/Prefabs/Guns/Heavy_08.asset using Guid(b04c95123802a1a48983acefa881ec9c) Importer(815301076,1909f56bfc062723c751e8b465ee728b)  -> (artifact id: '7dac5509d2c9e042f8257e7a6e0d5f66') in 0.006879 seconds
  Import took 0.012045 seconds .

========================================================================
Received Import Request.
  Time since last request: 45.234104 seconds.
  path: Assets/Prefabs/Guns/Pistol_01.asset
  artifactKey: Guid(92db2774bc5c4d84bb9e3a4094906685) Importer(815301076,1909f56bfc062723c751e8b465ee728b)
Start importing Assets/Prefabs/Guns/Pistol_01.asset using Guid(92db2774bc5c4d84bb9e3a4094906685) Importer(815301076,1909f56bfc062723c751e8b465ee728b)  -> (artifact id: 'e65a1b47460e7b58d45fb00f9fed5450') in 0.005872 seconds
  Import took 0.010193 seconds .

========================================================================
Received Import Request.
  Time since last request: 0.008891 seconds.
  path: Assets/Prefabs/Guns/Pistol_01.asset
  artifactKey: Guid(92db2774bc5c4d84bb9e3a4094906685) Importer(815301076,1909f56bfc062723c751e8b465ee728b)
Start importing Assets/Prefabs/Guns/Pistol_01.asset using Guid(92db2774bc5c4d84bb9e3a4094906685) Importer(815301076,1909f56bfc062723c751e8b465ee728b)  -> (artifact id: 'e65a1b47460e7b58d45fb00f9fed5450') in 0.005890 seconds
  Import took 0.009812 seconds .

========================================================================
Received Import Request.
  Time since last request: 36.883218 seconds.
  path: Assets/Prefabs/Guns/Rifle_06.asset
  artifactKey: Guid(699c51f079b7826429727209bca9ebdc) Importer(815301076,1909f56bfc062723c751e8b465ee728b)
Start importing Assets/Prefabs/Guns/Rifle_06.asset using Guid(699c51f079b7826429727209bca9ebdc) Importer(815301076,1909f56bfc062723c751e8b465ee728b)  -> (artifact id: '3bea524e483588bf913fdc4aab553277') in 0.006432 seconds
  Import took 0.010962 seconds .

========================================================================
Received Import Request.
  Time since last request: 0.007984 seconds.
  path: Assets/Prefabs/Guns/Rifle_06.asset
  artifactKey: Guid(699c51f079b7826429727209bca9ebdc) Importer(815301076,1909f56bfc062723c751e8b465ee728b)
Start importing Assets/Prefabs/Guns/Rifle_06.asset using Guid(699c51f079b7826429727209bca9ebdc) Importer(815301076,1909f56bfc062723c751e8b465ee728b)  -> (artifact id: '3bea524e483588bf913fdc4aab553277') in 0.005561 seconds
  Import took 0.009757 seconds .

========================================================================
Received Prepare
Registering precompiled user dll's ...
Registered in 0.001079 seconds.
Begin MonoManager ReloadAssembly
Native extension for WindowsStandalone target not found
Refreshing native plugins compatible for Editor in 0.84 ms, found 0 plugins.
Preloading 0 native plugins for Editor in 0.00 ms.
Invoked RoslynAnalysisRunner static constructor.
RoslynAnalysisRunner will not be running.
RoslynAnalysisRunner has terminated.
Mono: successfully reloaded assembly
- Completed reload, in  1.362 seconds
Platform modules already initialized, skipping
Shader 'WFX/Transparent Specular': fallback shader 'Particles/Alpha Blended' not found
Shader 'WFX/Transparent Diffuse': fallback shader 'Particles/Alpha Blended' not found
Refreshing native plugins compatible for Editor in 0.73 ms, found 0 plugins.
Preloading 0 native plugins for Editor in 0.00 ms.
Unloading 1255 Unused Serialized files (Serialized files now loaded: 0)
System memory in use before: 170.8 MB.
System memory in use after: 170.5 MB.

Unloading 6 unused Assets to reduce memory usage. Loaded Objects now: 1851.
Total: 5.671500 ms (FindLiveObjects: 0.359200 ms CreateObjectMapping: 0.075700 ms MarkObjects: 4.441200 ms  DeleteObjects: 0.792100 ms)

========================================================================
Received Import Request.
  Time since last request: 209.714747 seconds.
  path: ProjectSettings/TagManager.asset
  artifactKey: Guid(00000000000000003000000000000000) Importer(815301076,1909f56bfc062723c751e8b465ee728b)
Start importing ProjectSettings/TagManager.asset using Guid(00000000000000003000000000000000) Importer(815301076,1909f56bfc062723c751e8b465ee728b)  -> (artifact id: 'f824f1f74f926cbe93dd28edd337af0e') in 0.035929 seconds
  Import took 0.042128 seconds .

========================================================================
Received Prepare
Registering precompiled user dll's ...
Registered in 0.001676 seconds.
Begin MonoManager ReloadAssembly
Native extension for WindowsStandalone target not found
Refreshing native plugins compatible for Editor in 0.69 ms, found 0 plugins.
Preloading 0 native plugins for Editor in 0.00 ms.
Invoked RoslynAnalysisRunner static constructor.
RoslynAnalysisRunner will not be running.
RoslynAnalysisRunner has terminated.
Mono: successfully reloaded assembly
- Completed reload, in  1.388 seconds
Platform modules already initialized, skipping
Shader 'WFX/Transparent Specular': fallback shader 'Particles/Alpha Blended' not found
Shader 'WFX/Transparent Diffuse': fallback shader 'Particles/Alpha Blended' not found
Refreshing native plugins compatible for Editor in 0.50 ms, found 0 plugins.
Preloading 0 native plugins for Editor in 0.00 ms.
Unloading 1255 Unused Serialized files (Serialized files now loaded: 0)
System memory in use before: 170.7 MB.
System memory in use after: 170.5 MB.

Unloading 7 unused Assets to reduce memory usage. Loaded Objects now: 1854.
Total: 3.462500 ms (FindLiveObjects: 0.503200 ms CreateObjectMapping: 0.089100 ms MarkObjects: 2.389200 ms  DeleteObjects: 0.478800 ms)

========================================================================
Received Import Request.
  Time since last request: 36.336823 seconds.
  path: Assets/Prefabs/Guns/Rifle_06.asset
  artifactKey: Guid(699c51f079b7826429727209bca9ebdc) Importer(815301076,1909f56bfc062723c751e8b465ee728b)
Start importing Assets/Prefabs/Guns/Rifle_06.asset using Guid(699c51f079b7826429727209bca9ebdc) Importer(815301076,1909f56bfc062723c751e8b465ee728b)  -> (artifact id: '3d53927aa4d74c8152695e7877415722') in 0.056897 seconds
  Import took 0.062934 seconds .

========================================================================
Received Import Request.
  Time since last request: 0.000501 seconds.
  path: Assets/Prefabs/Guns/Heavy_08.asset
  artifactKey: Guid(b04c95123802a1a48983acefa881ec9c) Importer(815301076,1909f56bfc062723c751e8b465ee728b)
Start importing Assets/Prefabs/Guns/Heavy_08.asset using Guid(b04c95123802a1a48983acefa881ec9c) Importer(815301076,1909f56bfc062723c751e8b465ee728b)  -> (artifact id: '820198aad3249953d0ea12a6cb336587') in 0.025132 seconds
  Import took 0.030886 seconds .

========================================================================
Received Import Request.
  Time since last request: 0.000453 seconds.
  path: Assets/Prefabs/Guns/Pistol_01.asset
  artifactKey: Guid(92db2774bc5c4d84bb9e3a4094906685) Importer(815301076,1909f56bfc062723c751e8b465ee728b)
Start importing Assets/Prefabs/Guns/Pistol_01.asset using Guid(92db2774bc5c4d84bb9e3a4094906685) Importer(815301076,1909f56bfc062723c751e8b465ee728b)  -> (artifact id: 'e0fca4ca4eda9de998d19fe79698f939') in 0.009925 seconds
  Import took 0.015751 seconds .

========================================================================
Received Prepare
Registering precompiled user dll's ...
Registered in 0.001062 seconds.
Begin MonoManager ReloadAssembly
Native extension for WindowsStandalone target not found
Refreshing native plugins compatible for Editor in 0.47 ms, found 0 plugins.
Preloading 0 native plugins for Editor in 0.00 ms.
Invoked RoslynAnalysisRunner static constructor.
RoslynAnalysisRunner will not be running.
RoslynAnalysisRunner has terminated.
Mono: successfully reloaded assembly
- Completed reload, in  1.158 seconds
Platform modules already initialized, skipping
Shader 'WFX/Transparent Specular': fallback shader 'Particles/Alpha Blended' not found
Shader 'WFX/Transparent Diffuse': fallback shader 'Particles/Alpha Blended' not found
Refreshing native plugins compatible for Editor in 0.52 ms, found 0 plugins.
Preloading 0 native plugins for Editor in 0.00 ms.
Unloading 1255 Unused Serialized files (Serialized files now loaded: 0)
System memory in use before: 170.7 MB.
System memory in use after: 170.5 MB.

Unloading 6 unused Assets to reduce memory usage. Loaded Objects now: 1857.
Total: 2.647500 ms (FindLiveObjects: 0.231800 ms CreateObjectMapping: 0.044300 ms MarkObjects: 1.840900 ms  DeleteObjects: 0.529000 ms)

========================================================================
Received Prepare
Registering precompiled user dll's ...
Registered in 0.002200 seconds.
Begin MonoManager ReloadAssembly
Native extension for WindowsStandalone target not found
Refreshing native plugins compatible for Editor in 0.70 ms, found 0 plugins.
Preloading 0 native plugins for Editor in 0.00 ms.
Invoked RoslynAnalysisRunner static constructor.
RoslynAnalysisRunner will not be running.
RoslynAnalysisRunner has terminated.
Mono: successfully reloaded assembly
- Completed reload, in  1.411 seconds
Platform modules already initialized, skipping
Shader 'WFX/Transparent Specular': fallback shader 'Particles/Alpha Blended' not found
Shader 'WFX/Transparent Diffuse': fallback shader 'Particles/Alpha Blended' not found
Refreshing native plugins compatible for Editor in 0.74 ms, found 0 plugins.
Preloading 0 native plugins for Editor in 0.00 ms.
Unloading 1255 Unused Serialized files (Serialized files now loaded: 0)
System memory in use before: 170.8 MB.
System memory in use after: 170.5 MB.

Unloading 6 unused Assets to reduce memory usage. Loaded Objects now: 1860.
Total: 2.817900 ms (FindLiveObjects: 0.218600 ms CreateObjectMapping: 0.045700 ms MarkObjects: 1.904300 ms  DeleteObjects: 0.646700 ms)

